#
# There is insufficient memory for the Java Runtime Environment to continue.
# Native memory allocation (mmap) failed to map 134217728 bytes for Failed to commit area from 0x00000000a1800000 to 0x00000000a9800000 of length 134217728.
# Possible reasons:
#   The system is out of physical RAM or swap space
#   The process is running with CompressedOops enabled, and the Java Heap may be blocking the growth of the native heap
# Possible solutions:
#   Reduce memory load on the system
#   Increase physical memory or swap space
#   Check if swap backing store is full
#   Decrease Java heap size (-Xmx/-Xms)
#   Decrease number of Java threads
#   Decrease Java thread stack sizes (-Xss)
#   Set larger code cache with -XX:ReservedCodeCacheSize=
# This output file may be truncated or incomplete.
#
#  Out of Memory Error (./src/hotspot/os/windows/os_windows.cpp:3521), pid=11384, tid=9892
#
# JRE version:  (11.0.12+7) (build )
# Java VM: OpenJDK 64-Bit Server VM (11.0.12+7-b1504.40, mixed mode, sharing, tiered, compressed oops, g1 gc, windows-amd64)
# No core dump will be written. Minidumps are not enabled by default on client versions of Windows
#

---------------  S U M M A R Y ------------

Command Line: -Djava.rmi.server.hostname=127.0.0.1 -Duser.timezone=UTC -Xmx1512m -Xms128m -Dfile.encoding=UTF-8 com.intellij.database.remote.RemoteJdbcServer org.postgresql.Driver

Host: Intel(R) Core(TM) i7-8565U CPU @ 1.80GHz, 8 cores, 11G,  Windows 10 , 64 bit Build 19041 (10.0.19041.1566)
Time: Sat Mar 19 13:04:02 2022 ????????? (????) elapsed time: 0.009723 seconds (0d 0h 0m 0s)

---------------  T H R E A D  ---------------

Current thread (0x0000027afe60c800):  JavaThread "Unknown thread" [_thread_in_vm, id=9892, stack(0x000000c473500000,0x000000c473600000)]

Stack: [0x000000c473500000,0x000000c473600000]
Native frames: (J=compiled Java code, j=interpreted, Vv=VM code, C=native code)
V  [jvm.dll+0x5ff40a]
V  [jvm.dll+0x783b65]
V  [jvm.dll+0x78517d]
V  [jvm.dll+0x785833]
V  [jvm.dll+0x249408]
V  [jvm.dll+0x5fc7f4]
V  [jvm.dll+0x5f13c5]
V  [jvm.dll+0x3076bb]
V  [jvm.dll+0x30762a]
V  [jvm.dll+0x307502]
V  [jvm.dll+0x30c466]
V  [jvm.dll+0x355543]
V  [jvm.dll+0x355c46]
V  [jvm.dll+0x355643]
V  [jvm.dll+0x2e2018]
V  [jvm.dll+0x2e31c7]
V  [jvm.dll+0x761f57]
V  [jvm.dll+0x76374c]
V  [jvm.dll+0x362ab9]
V  [jvm.dll+0x7455be]
V  [jvm.dll+0x3cb673]
V  [jvm.dll+0x3cda21]
C  [jli.dll+0x536b]
C  [ucrtbase.dll+0x21bb2]
C  [KERNEL32.DLL+0x17034]
C  [ntdll.dll+0x52651]


---------------  P R O C E S S  ---------------

Threads class SMR info:
_java_thread_list=0x0000027afc3e2440, length=0, elements={
}

Java Threads: ( => current thread )

Other Threads:
  0x0000027afc4bd800 GCTaskThread "GC Thread#0" [stack: 0x000000c473600000,0x000000c473700000] [id=13804]
  0x0000027afe64b000 ConcurrentGCThread "G1 Main Marker" [stack: 0x000000c473700000,0x000000c473800000] [id=17576]
  0x0000027afe64c800 ConcurrentGCThread "G1 Conc#0" [stack: 0x000000c473800000,0x000000c473900000] [id=12392]

[error occurred during error reporting (printing all threads), id 0xc0000005, EXCEPTION_ACCESS_VIOLATION (0xc0000005) at pc=0x00007ffbb65127a7]

VM state:not at safepoint (not fully initialized)

VM Mutex/Monitor currently owned by a thread:  ([mutex/lock_event])
[0x0000027afe60c1e0] Heap_lock - owner thread: 0x0000027afe60c800

Heap address: 0x00000000a1800000, size: 1512 MB, Compressed Oops mode: Non-zero based: 0x00000000a1800000
Narrow klass base: 0x0000000000000000, Narrow klass shift: 0

GC Heap History (0 events):
No events

Deoptimization events (0 events):
No events

Classes redefined (0 events):
No events

Internal exceptions (0 events):
No events

Events (1 events):
Event: 0.006 Loaded shared library D:\GoLand 2021.2.4\jbr\bin\zip.dll


Dynamic libraries:
0x00007ff74e7d0000 - 0x00007ff74e7da000 	D:\GoLand 2021.2.4\jbr\bin\java.exe
0x00007ffc1aad0000 - 0x00007ffc1acc5000 	C:\WINDOWS\SYSTEM32\ntdll.dll
0x00007ffc194c0000 - 0x00007ffc1957e000 	C:\WINDOWS\System32\KERNEL32.DLL
0x00007ffc18590000 - 0x00007ffc18858000 	C:\WINDOWS\System32\KERNELBASE.dll
0x00007ffc18300000 - 0x00007ffc18400000 	C:\WINDOWS\System32\ucrtbase.dll
0x00007ffbf1de0000 - 0x00007ffbf1df7000 	D:\GoLand 2021.2.4\jbr\bin\VCRUNTIME140.dll
0x00007ffbf1dc0000 - 0x00007ffbf1dd9000 	D:\GoLand 2021.2.4\jbr\bin\jli.dll
0x00007ffc19ee0000 - 0x00007ffc1a080000 	C:\WINDOWS\System32\USER32.dll
0x00007ffc18910000 - 0x00007ffc18932000 	C:\WINDOWS\System32\win32u.dll
0x00007ffbf8e60000 - 0x00007ffbf90fa000 	C:\WINDOWS\WinSxS\amd64_microsoft.windows.common-controls_6595b64144ccf1df_6.0.19041.1110_none_60b5254171f9507e\COMCTL32.dll
0x00007ffc195e0000 - 0x00007ffc1960b000 	C:\WINDOWS\System32\GDI32.dll
0x00007ffc198a0000 - 0x00007ffc1993e000 	C:\WINDOWS\System32\msvcrt.dll
0x00007ffc181f0000 - 0x00007ffc182fb000 	C:\WINDOWS\System32\gdi32full.dll
0x00007ffc184f0000 - 0x00007ffc1858d000 	C:\WINDOWS\System32\msvcp_win.dll
0x00007ffc1a800000 - 0x00007ffc1a830000 	C:\WINDOWS\System32\IMM32.DLL
0x00007ffbd3cf0000 - 0x00007ffbd3d8d000 	D:\GoLand 2021.2.4\jbr\bin\msvcp140.dll
0x00007ffbb6220000 - 0x00007ffbb6d78000 	D:\GoLand 2021.2.4\jbr\bin\server\jvm.dll
0x00007ffc1a750000 - 0x00007ffc1a7fe000 	C:\WINDOWS\System32\ADVAPI32.dll
0x00007ffc196e0000 - 0x00007ffc1977c000 	C:\WINDOWS\System32\sechost.dll
0x00007ffc1a1a0000 - 0x00007ffc1a2c5000 	C:\WINDOWS\System32\RPCRT4.dll
0x00007ffc19420000 - 0x00007ffc19428000 	C:\WINDOWS\System32\PSAPI.DLL
0x00007ffc0e570000 - 0x00007ffc0e579000 	C:\WINDOWS\SYSTEM32\WSOCK32.dll
0x00007ffc0d2e0000 - 0x00007ffc0d2ea000 	C:\WINDOWS\SYSTEM32\VERSION.dll
0x00007ffc0a150000 - 0x00007ffc0a177000 	C:\WINDOWS\SYSTEM32\WINMM.dll
0x00007ffc1a120000 - 0x00007ffc1a18b000 	C:\WINDOWS\System32\WS2_32.dll
0x00007ffc16a80000 - 0x00007ffc16a92000 	C:\WINDOWS\SYSTEM32\kernel.appcore.dll
0x00007ffc0b090000 - 0x00007ffc0b0a1000 	D:\GoLand 2021.2.4\jbr\bin\verify.dll
0x00007ffc15fb0000 - 0x00007ffc16194000 	C:\WINDOWS\SYSTEM32\DBGHELP.DLL
0x00007ffc0a0a0000 - 0x00007ffc0a0cc000 	C:\WINDOWS\SYSTEM32\dbgcore.DLL
0x00007ffc18940000 - 0x00007ffc189c2000 	C:\WINDOWS\System32\bcryptPrimitives.dll
0x00007ffbf1ef0000 - 0x00007ffbf1f19000 	D:\GoLand 2021.2.4\jbr\bin\java.dll
0x00007ffbf54d0000 - 0x00007ffbf54db000 	D:\GoLand 2021.2.4\jbr\bin\jimage.dll
0x00007ffbf32b0000 - 0x00007ffbf32c8000 	D:\GoLand 2021.2.4\jbr\bin\zip.dll

dbghelp: loaded successfully - version: 4.0.5 - missing functions: none
symbol engine: initialized successfully - sym options: 0x614 - pdb path: .;D:\GoLand 2021.2.4\jbr\bin;C:\WINDOWS\SYSTEM32;C:\WINDOWS\WinSxS\amd64_microsoft.windows.common-controls_6595b64144ccf1df_6.0.19041.1110_none_60b5254171f9507e;D:\GoLand 2021.2.4\jbr\bin\server

VM Arguments:
jvm_args: -Djava.rmi.server.hostname=127.0.0.1 -Duser.timezone=UTC -Xmx1512m -Xms128m -Dfile.encoding=UTF-8 
java_command: com.intellij.database.remote.RemoteJdbcServer org.postgresql.Driver
java_class_path (initial): D:\GoLand 2021.2.4\lib\util.jar;D:\GoLand 2021.2.4\lib\groovy-2.5.14.jar;D:\GoLand 2021.2.4\plugins\DatabaseTools\lib\jdbc-console.jar
Launcher Type: SUN_STANDARD

[Global flags]
     intx CICompilerCount                          = 4                                         {product} {ergonomic}
     uint ConcGCThreads                            = 2                                         {product} {ergonomic}
     uint G1ConcRefinementThreads                  = 8                                         {product} {ergonomic}
   size_t G1HeapRegionSize                         = 1048576                                   {product} {ergonomic}
    uintx GCDrainStackTargetSize                   = 64                                        {product} {ergonomic}
   size_t InitialHeapSize                          = 134217728                                 {product} {command line}
   size_t MarkStackSize                            = 4194304                                   {product} {ergonomic}
   size_t MaxHeapSize                              = 1585446912                                {product} {command line}
   size_t MinHeapDeltaBytes                        = 1048576                                   {product} {ergonomic}
    uintx NonNMethodCodeHeapSize                   = 5836300                                {pd product} {ergonomic}
    uintx NonProfiledCodeHeapSize                  = 122910970                              {pd product} {ergonomic}
    uintx ProfiledCodeHeapSize                     = 122910970                              {pd product} {ergonomic}
    uintx ReservedCodeCacheSize                    = 251658240                              {pd product} {ergonomic}
     bool SegmentedCodeCache                       = true                                      {product} {ergonomic}
     bool UseCompressedClassPointers               = true                                 {lp64_product} {ergonomic}
     bool UseCompressedOops                        = true                                 {lp64_product} {ergonomic}
     bool UseG1GC                                  = true                                      {product} {ergonomic}
     bool UseLargePagesIndividualAllocation        = false                                  {pd product} {ergonomic}

Logging:
Log output configuration:
 #0: stdout all=warning uptime,level,tags
 #1: stderr all=off uptime,level,tags

Environment Variables:
PATH=C:\Program Files (x86)\Razer Chroma SDK\bin;C:\Program Files\Razer Chroma SDK\bin;C:\Program Files (x86)\Common Files\Oracle\Java\javapath;C:\Program Files (x86)\Razer\ChromaBroadcast\bin;C:\Program Files\Razer\ChromaBroadcast\bin;C:\Windows\system32;C:\Windows;C:\Windows\System32\Wbem;C:\Windows\System32\WindowsPowerShell\v1.0\;C:\Windows\System32\OpenSSH\;C:\Program Files\NVIDIA Corporation\NVIDIA NvDLISR;C:\WINDOWS\system32;C:\WINDOWS;C:\WINDOWS\System32\Wbem;C:\WINDOWS\System32\WindowsPowerShell\v1.0\;C:\WINDOWS\System32\OpenSSH\;C:\Users\Vlad'\AppData\Local\Microsoft\WindowsApps;C:\WINDOWS\system32\config\systemprofile\AppData\Local\Microsoft\WindowsApps;C:\WINDOWS\system32;C:\WINDOWS;C:\WINDOWS\System32\Wbem;C:\WINDOWS\System32\WindowsPowerShell\v1.0\;C:\WINDOWS\System32\OpenSSH\;D:\Git\cmd;C:\Program Files\Go\bin;C:\Program Files (x86)\NVIDIA Corporation\PhysX\Common;C:\Program Files\Docker\Docker\resources\bin;C:\ProgramData\DockerDesktop\version-bin;D:\migrate;C:\Users\Vlad'\AppData\Local\Microsoft\WindowsApps;D:\IntelliJ IDEA Educational Edition 2021.2\bin;C:\Users\Vlad'\go\bin;D:\DataGrip 2021.2.4\bin;D:\Microsoft VS Code\bin;C:\Users\Vlad'\go\bin;D:\GoLand 2021.2.4\bin;;
USERNAME=Vlad'
OS=Windows_NT
PROCESSOR_IDENTIFIER=Intel64 Family 6 Model 142 Stepping 12, GenuineIntel



---------------  S Y S T E M  ---------------

OS: Windows 10 , 64 bit Build 19041 (10.0.19041.1566)
OS uptime: 0 days 13:01 hours
Hyper-V role detected

CPU:total 8 (initial active 8) (4 cores per cpu, 2 threads per core) family 6 model 142 stepping 12 microcode 0xea, cmov, cx8, fxsr, mmx, sse, sse2, sse3, ssse3, sse4.1, sse4.2, popcnt, avx, avx2, aes, clmul, erms, 3dnowpref, lzcnt, ht, tsc, tscinvbit, bmi1, bmi2, adx, fma

Memory: 4k page, system-wide physical 12101M (1554M free)
TotalPageFile size 12101M (AvailPageFile size 68M)
current process WorkingSet (physical memory assigned to process): 10M, peak: 10M
current process commit charge ("private bytes"): 60M, peak: 187M

vm_info: OpenJDK 64-Bit Server VM (11.0.12+7-b1504.40) for windows-amd64 JRE (11.0.12+7-b1504.40), built on Sep 23 2021 14:38:03 by "" with MS VC++ 14.0 (VS2015)

END.
